Bagpipes: Latex distribution not found, plots may look strange.
Starting dense_basis. Failed to load FSPS, only GP-SFH module will be available.
running without emcee
Bagpipes: Latex distribution not found, plots may look strange.
Bagpipes: Latex distribution not found, plots may look strange.
Bagpipes: Latex distribution not found, plots may look strange.
Bagpipes: Latex distribution not found, plots may look strange.
Bagpipes: Latex distribution not found, plots may look strange.
Bagpipes: Latex distribution not found, plots may look strange.
Starting dense_basis. Failed to load FSPS, only GP-SFH module will be available.
running without emcee
Bagpipes: Latex distribution not found, plots may look strange.
Starting dense_basis. Failed to load FSPS, only GP-SFH module will be available.
running without emcee
Starting dense_basis. Failed to load FSPS, only GP-SFH module will be available.
running without emcee
Bagpipes: Latex distribution not found, plots may look strange.
Starting dense_basis. Failed to load FSPS, only GP-SFH module will be available.
running without emcee
Starting dense_basis. Failed to load FSPS, only GP-SFH module will be available.
running without emcee
Bagpipes: Latex distribution not found, plots may look strange.
Starting dense_basis. Failed to load FSPS, only GP-SFH module will be available.
running without emcee
Starting dense_basis. Failed to load FSPS, only GP-SFH module will be available.
running without emcee
Bagpipes: Latex distribution not found, plots may look strange.
Starting dense_basis. Failed to load FSPS, only GP-SFH module will be available.
running without emcee
Bagpipes: Latex distribution not found, plots may look strange.
Starting dense_basis. Failed to load FSPS, only GP-SFH module will be available.
running without emcee
Bagpipes: Latex distribution not found, plots may look strange.
Bagpipes: Latex distribution not found, plots may look strange.
Bagpipes: Latex distribution not found, plots may look strange.
Bagpipes: Latex distribution not found, plots may look strange.
Starting dense_basis. Failed to load FSPS, only GP-SFH module will be available.
running without emcee
Bagpipes: Latex distribution not found, plots may look strange.
Starting dense_basis. Failed to load FSPS, only GP-SFH module will be available.
running without emcee
Starting dense_basis. Failed to load FSPS, only GP-SFH module will be available.
running without emcee
Starting dense_basis. Failed to load FSPS, only GP-SFH module will be available.
running without emcee
Starting dense_basis. Failed to load FSPS, only GP-SFH module will be available.
running without emcee
Starting dense_basis. Failed to load FSPS, only GP-SFH module will be available.
running without emcee
Bagpipes: Latex distribution not found, plots may look strange.
Bagpipes: Latex distribution not found, plots may look strange.
Starting dense_basis. Failed to load FSPS, only GP-SFH module will be available.
running without emcee
Starting dense_basis. Failed to load FSPS, only GP-SFH module will be available.
running without emcee
Starting dense_basis. Failed to load FSPS, only GP-SFH module will be available.
running without emcee
Bagpipes: Latex distribution not found, plots may look strange.
Bagpipes: Latex distribution not found, plots may look strange.
Bagpipes: Latex distribution not found, plots may look strange.
Bagpipes: Latex distribution not found, plots may look strange.
Bagpipes: Latex distribution not found, plots may look strange.
Bagpipes: Latex distribution not found, plots may look strange.
Bagpipes: Latex distribution not found, plots may look strange.
Bagpipes: Latex distribution not found, plots may look strange.
Bagpipes: Latex distribution not found, plots may look strange.
Starting dense_basis. Failed to load FSPS, only GP-SFH module will be available.
running without emcee
Starting dense_basis. Failed to load FSPS, only GP-SFH module will be available.
running without emcee
Starting dense_basis. Failed to load FSPS, only GP-SFH module will be available.
Starting dense_basis. Failed to load FSPS, only GP-SFH module will be available.
running without emcee
Starting dense_basis. Failed to load FSPS, only GP-SFH module will be available.
running without emcee
running without emcee
Starting dense_basis. Failed to load FSPS, only GP-SFH module will be available.
running without emcee
Bagpipes: Latex distribution not found, plots may look strange.
Bagpipes: Latex distribution not found, plots may look strange.
Bagpipes: Latex distribution not found, plots may look strange.
Bagpipes: Latex distribution not found, plots may look strange.
Bagpipes: Latex distribution not found, plots may look strange.
Bagpipes: Latex distribution not found, plots may look strange.
Starting dense_basis. Failed to load FSPS, only GP-SFH module will be available.
running without emcee
Bagpipes: Latex distribution not found, plots may look strange.
Starting dense_basis. Failed to load FSPS, only GP-SFH module will be available.
running without emcee
Bagpipes: Latex distribution not found, plots may look strange.
Bagpipes: Latex distribution not found, plots may look strange.
Bagpipes: Latex distribution not found, plots may look strange.
Bagpipes: Latex distribution not found, plots may look strange.
Bagpipes: Latex distribution not found, plots may look strange.
Bagpipes: Latex distribution not found, plots may look strange.
Bagpipes: Latex distribution not found, plots may look strange.
Starting dense_basis. Failed to load FSPS, only GP-SFH module will be available.
running without emcee
Bagpipes: Latex distribution not found, plots may look strange.
Bagpipes: Latex distribution not found, plots may look strange.
Starting dense_basis. Failed to load FSPS, only GP-SFH module will be available.
running without emcee
Starting dense_basis. Failed to load FSPS, only GP-SFH module will be available.
Bagpipes: Latex distribution not found, plots may look strange.
running without emcee
Bagpipes: Latex distribution not found, plots may look strange.
Bagpipes: Latex distribution not found, plots may look strange.
Bagpipes: Latex distribution not found, plots may look strange.
Starting dense_basis. Failed to load FSPS, only GP-SFH module will be available.
running without emcee
Starting dense_basis. Failed to load FSPS, only GP-SFH module will be available.
running without emcee
Starting dense_basis. Failed to load FSPS, only GP-SFH module will be available.
running without emcee
Starting dense_basis. Failed to load FSPS, only GP-SFH module will be available.
running without emcee
Bagpipes: Latex distribution not found, plots may look strange.
Bagpipes: Latex distribution not found, plots may look strange.
Bagpipes: Latex distribution not found, plots may look strange.
Bagpipes: Latex distribution not found, plots may look strange.
Bagpipes: Latex distribution not found, plots may look strange.
Starting dense_basis. Failed to load FSPS, only GP-SFH module will be available.
running without emcee
Bagpipes: Latex distribution not found, plots may look strange.
Bagpipes: Latex distribution not found, plots may look strange.
Bagpipes: Latex distribution not found, plots may look strange.
Bagpipes: Latex distribution not found, plots may look strange.
Starting dense_basis. Failed to load FSPS, only GP-SFH module will be available.
running without emcee
Bagpipes: Latex distribution not found, plots may look strange.
Starting dense_basis. Failed to load FSPS, only GP-SFH module will be available.
running without emcee
Starting dense_basis. Failed to load FSPS, only GP-SFH module will be available.
running without emcee
Starting dense_basis. Failed to load FSPS, only GP-SFH module will be available.
running without emcee
Bagpipes: Latex distribution not found, plots may look strange.
Bagpipes: Latex distribution not found, plots may look strange.
Bagpipes: Latex distribution not found, plots may look strange.
Bagpipes: Latex distribution not found, plots may look strange.
Starting dense_basis. Failed to load FSPS, only GP-SFH module will be available.
running without emcee
Bagpipes: Latex distribution not found, plots may look strange.
Starting dense_basis. Failed to load FSPS, only GP-SFH module will be available.
running without emcee
Bagpipes: Latex distribution not found, plots may look strange.
Bagpipes: Latex distribution not found, plots may look strange.
Bagpipes: Latex distribution not found, plots may look strange.
Starting dense_basis. Failed to load FSPS, only GP-SFH module will be available.
running without emcee
Bagpipes: Latex distribution not found, plots may look strange.
Starting dense_basis. Failed to load FSPS, only GP-SFH module will be available.
running without emcee
Bagpipes: Latex distribution not found, plots may look strange.
Starting dense_basis. Failed to load FSPS, only GP-SFH module will be available.
running without emcee
Starting dense_basis. Failed to load FSPS, only GP-SFH module will be available.
running without emcee
Bagpipes: Latex distribution not found, plots may look strange.
Starting dense_basis. Failed to load FSPS, only GP-SFH module will be available.
running without emcee
Starting dense_basis. Failed to load FSPS, only GP-SFH module will be available.
running without emcee
Starting dense_basis. Failed to load FSPS, only GP-SFH module will be available.
running without emcee
Starting dense_basis. Failed to load FSPS, only GP-SFH module will be available.
running without emcee
Starting dense_basis. Failed to load FSPS, only GP-SFH module will be available.
running without emcee
Starting dense_basis. Failed to load FSPS, only GP-SFH module will be available.
running without emcee
Starting dense_basis. Failed to load FSPS, only GP-SFH module will be available.
running without emcee
Bagpipes: Latex distribution not found, plots may look strange.
Starting dense_basis. Failed to load FSPS, only GP-SFH module will be available.
running without emcee
Starting dense_basis. Failed to load FSPS, only GP-SFH module will be available.
running without emcee
Bagpipes: Latex distribution not found, plots may look strange.
Starting dense_basis. Failed to load FSPS, only GP-SFH module will be available.
running without emcee
Starting dense_basis. Failed to load FSPS, only GP-SFH module will be available.
running without emcee
Starting dense_basis. Failed to load FSPS, only GP-SFH module will be available.
running without emcee
Starting dense_basis. Failed to load FSPS, only GP-SFH module will be available.
running without emcee
Starting dense_basis. Failed to load FSPS, only GP-SFH module will be available.
running without emcee
Starting dense_basis. Failed to load FSPS, only GP-SFH module will be available.
running without emcee
Starting dense_basis. Failed to load FSPS, only GP-SFH module will be available.
running without emcee
Bagpipes: Latex distribution not found, plots may look strange.
Starting dense_basis. Failed to load FSPS, only GP-SFH module will be available.
running without emcee
Starting dense_basis. Failed to load FSPS, only GP-SFH module will be available.
running without emcee
Starting dense_basis. Failed to load FSPS, only GP-SFH module will be available.
running without emcee
Bagpipes: Latex distribution not found, plots may look strange.
Bagpipes: Latex distribution not found, plots may look strange.
Starting dense_basis. Failed to load FSPS, only GP-SFH module will be available.
running without emcee
Starting dense_basis. Failed to load FSPS, only GP-SFH module will be available.
running without emcee
Bagpipes: Latex distribution not found, plots may look strange.
Bagpipes: Latex distribution not found, plots may look strange.
Starting dense_basis. Failed to load FSPS, only GP-SFH module will be available.
running without emcee
Bagpipes: Latex distribution not found, plots may look strange.
Bagpipes: Latex distribution not found, plots may look strange.
Bagpipes: Latex distribution not found, plots may look strange.
Bagpipes: Latex distribution not found, plots may look strange.
Bagpipes: Latex distribution not found, plots may look strange.
Bagpipes: Latex distribution not found, plots may look strange.
Bagpipes: Latex distribution not found, plots may look strange.
Starting dense_basis. Failed to load FSPS, only GP-SFH module will be available.
running without emcee
Bagpipes: Latex distribution not found, plots may look strange.
Bagpipes: Latex distribution not found, plots may look strange.
Bagpipes: Latex distribution not found, plots may look strange.
Bagpipes: Latex distribution not found, plots may look strange.
Bagpipes: Latex distribution not found, plots may look strange.
Bagpipes: Latex distribution not found, plots may look strange.
Bagpipes: Latex distribution not found, plots may look strange.
Bagpipes: Latex distribution not found, plots may look strange.
Starting dense_basis. Failed to load FSPS, only GP-SFH module will be available.
running without emcee
Bagpipes: Latex distribution not found, plots may look strange.
Bagpipes: Latex distribution not found, plots may look strange.
Bagpipes: Latex distribution not found, plots may look strange.
Bagpipes: Latex distribution not found, plots may look strange.
Bagpipes: Latex distribution not found, plots may look strange.
Bagpipes: Latex distribution not found, plots may look strange.
Bagpipes: Latex distribution not found, plots may look strange.
Bagpipes: Latex distribution not found, plots may look strange.
Starting dense_basis. Failed to load FSPS, only GP-SFH module will be available.
running without emcee
Bagpipes: Latex distribution not found, plots may look strange.
Bagpipes: Latex distribution not found, plots may look strange.
Bagpipes: Latex distribution not found, plots may look strange.
Bagpipes: Latex distribution not found, plots may look strange.
Bagpipes: Latex distribution not found, plots may look strange.
Bagpipes: Latex distribution not found, plots may look strange.
Bagpipes: Latex distribution not found, plots may look strange.
Bagpipes: Latex distribution not found, plots may look strange.
Starting dense_basis. Failed to load FSPS, only GP-SFH module will be available.
Bagpipes: Latex distribution not found, plots may look strange.
running without emcee
Bagpipes: Latex distribution not found, plots may look strange.
Bagpipes: Latex distribution not found, plots may look strange.
Bagpipes: Latex distribution not found, plots may look strange.
Bagpipes: Latex distribution not found, plots may look strange.
Bagpipes: Latex distribution not found, plots may look strange.
Bagpipes: Latex distribution not found, plots may look strange.
Bagpipes: Latex distribution not found, plots may look strange.
Bagpipes: Latex distribution not found, plots may look strange.
Bagpipes: Latex distribution not found, plots may look strange.
Bagpipes: Latex distribution not found, plots may look strange.
Starting dense_basis. Failed to load FSPS, only GP-SFH module will be available.
running without emcee
Bagpipes: Latex distribution not found, plots may look strange.
Bagpipes: Latex distribution not found, plots may look strange.
Starting dense_basis. Failed to load FSPS, only GP-SFH module will be available.
Bagpipes: Latex distribution not found, plots may look strange.
Bagpipes: Latex distribution not found, plots may look strange.
Bagpipes: Latex distribution not found, plots may look strange.
running without emcee
Starting dense_basis. Failed to load FSPS, only GP-SFH module will be available.
running without emcee
Bagpipes: Latex distribution not found, plots may look strange.
Bagpipes: Latex distribution not found, plots may look strange.
Starting dense_basis. Failed to load FSPS, only GP-SFH module will be available.
running without emcee
Starting dense_basis. Failed to load FSPS, only GP-SFH module will be available.
running without emcee
Starting dense_basis. Failed to load FSPS, only GP-SFH module will be available.
Starting dense_basis. Failed to load FSPS, only GP-SFH module will be available.
running without emcee
running without emcee
Bagpipes: Latex distribution not found, plots may look strange.
Starting dense_basis. Failed to load FSPS, only GP-SFH module will be available.
running without emcee
Starting dense_basis. Failed to load FSPS, only GP-SFH module will be available.
running without emcee
Bagpipes: Latex distribution not found, plots may look strange.
Starting dense_basis. Failed to load FSPS, only GP-SFH module will be available.
running without emcee
Starting dense_basis. Failed to load FSPS, only GP-SFH module will be available.
running without emcee
Starting dense_basis. Failed to load FSPS, only GP-SFH module will be available.
Starting dense_basis. Failed to load FSPS, only GP-SFH module will be available.
Starting dense_basis. Failed to load FSPS, only GP-SFH module will be available.
running without emcee
running without emcee
running without emcee
Starting dense_basis. Failed to load FSPS, only GP-SFH module will be available.
running without emcee
Starting dense_basis. Failed to load FSPS, only GP-SFH module will be available.
running without emcee
Starting dense_basis. Failed to load FSPS, only GP-SFH module will be available.
running without emcee
Starting dense_basis. Failed to load FSPS, only GP-SFH module will be available.
running without emcee
Starting dense_basis. Failed to load FSPS, only GP-SFH module will be available.
running without emcee
Starting dense_basis. Failed to load FSPS, only GP-SFH module will be available.
running without emcee
Starting dense_basis. Failed to load FSPS, only GP-SFH module will be available.
running without emcee
Starting dense_basis. Failed to load FSPS, only GP-SFH module will be available.
running without emcee
Starting dense_basis. Failed to load FSPS, only GP-SFH module will be available.
running without emcee
Bagpipes: Latex distribution not found, plots may look strange.
Starting dense_basis. Failed to load FSPS, only GP-SFH module will be available.
Starting dense_basis. Failed to load FSPS, only GP-SFH module will be available.
running without emcee
running without emcee
Starting dense_basis. Failed to load FSPS, only GP-SFH module will be available.
Starting dense_basis. Failed to load FSPS, only GP-SFH module will be available.
running without emcee
running without emcee
Starting dense_basis. Failed to load FSPS, only GP-SFH module will be available.
running without emcee
Starting dense_basis. Failed to load FSPS, only GP-SFH module will be available.
Starting dense_basis. Failed to load FSPS, only GP-SFH module will be available.
running without emcee
running without emcee
Starting dense_basis. Failed to load FSPS, only GP-SFH module will be available.
running without emcee
Starting dense_basis. Failed to load FSPS, only GP-SFH module will be available.
Starting dense_basis. Failed to load FSPS, only GP-SFH module will be available.
running without emcee
Starting dense_basis. Failed to load FSPS, only GP-SFH module will be available.
running without emcee
Starting dense_basis. Failed to load FSPS, only GP-SFH module will be available.
running without emcee
running without emcee
Starting dense_basis. Failed to load FSPS, only GP-SFH module will be available.
Starting dense_basis. Failed to load FSPS, only GP-SFH module will be available.
running without emcee
running without emcee
Starting dense_basis. Failed to load FSPS, only GP-SFH module will be available.
running without emcee
Starting dense_basis. Failed to load FSPS, only GP-SFH module will be available.
running without emcee
Starting dense_basis. Failed to load FSPS, only GP-SFH module will be available.
running without emcee
Starting dense_basis. Failed to load FSPS, only GP-SFH module will be available.
running without emcee
Starting dense_basis. Failed to load FSPS, only GP-SFH module will be available.
running without emcee
Starting dense_basis. Failed to load FSPS, only GP-SFH module will be available.
running without emcee
Starting dense_basis. Failed to load FSPS, only GP-SFH module will be available.
running without emcee
Starting dense_basis. Failed to load FSPS, only GP-SFH module will be available.
running without emcee
Starting dense_basis. Failed to load FSPS, only GP-SFH module will be available.
running without emcee
Starting dense_basis. Failed to load FSPS, only GP-SFH module will be available.
running without emcee
Starting dense_basis. Failed to load FSPS, only GP-SFH module will be available.
running without emcee
Starting dense_basis. Failed to load FSPS, only GP-SFH module will be available.
running without emcee
Starting dense_basis. Failed to load FSPS, only GP-SFH module will be available.
Starting dense_basis. Failed to load FSPS, only GP-SFH module will be available.
Starting dense_basis. Failed to load FSPS, only GP-SFH module will be available.
running without emcee
running without emcee
running without emcee
Starting dense_basis. Failed to load FSPS, only GP-SFH module will be available.
running without emcee
Starting dense_basis. Failed to load FSPS, only GP-SFH module will be available.
running without emcee
Starting dense_basis. Failed to load FSPS, only GP-SFH module will be available.
running without emcee
Starting dense_basis. Failed to load FSPS, only GP-SFH module will be available.
running without emcee
Starting dense_basis. Failed to load FSPS, only GP-SFH module will be available.
running without emcee

Bagpipes: fitting object 1002

 MultiNest Warning: no resume file found, starting from scratch
 *****************************************************
 MultiNest v3.10
 Copyright Farhan Feroz & Mike Hobson
 Release Jul 2015

 no. of live points = 2000
 dimensionality =   15
 *****************************************************

 MultiNest Warning!
 Parameter            1  of mode            1  is converging towards the edge of the prior.

 MultiNest Warning!
 Parameter            1  of mode            1  is converging towards the edge of the prior.

 MultiNest Warning!
 Parameter            1  of mode            1  is converging towards the edge of the prior.

 MultiNest Warning!
 Parameter            1  of mode            1  is converging towards the edge of the prior.

 MultiNest Warning!
 Parameter            1  of mode            1  is converging towards the edge of the prior.

 MultiNest Warning!
 Parameter            1  of mode            1  is converging towards the edge of the prior.

 MultiNest Warning!
 Parameter            1  of mode            1  is converging towards the edge of the prior.

 MultiNest Warning!
 Parameter            1  of mode            1  is converging towards the edge of the prior.

 MultiNest Warning!
 Parameter            1  of mode            1  is converging towards the edge of the prior.

 MultiNest Warning!
 Parameter            1  of mode            1  is converging towards the edge of the prior.

 MultiNest Warning!
 Parameter            1  of mode            1  is converging towards the edge of the prior.

 MultiNest Warning!
 Parameter            1  of mode            1  is converging towards the edge of the prior.

 MultiNest Warning!
 Parameter            1  of mode            1  is converging towards the edge of the prior.

 MultiNest Warning!
 Parameter            1  of mode            1  is converging towards the edge of the prior.

 MultiNest Warning!
 Parameter            1  of mode            1  is converging towards the edge of the prior.

 MultiNest Warning!
 Parameter            1  of mode            1  is converging towards the edge of the prior.

 MultiNest Warning!
 Parameter            1  of mode            1  is converging towards the edge of the prior.

 MultiNest Warning!
 Parameter            1  of mode            1  is converging towards the edge of the prior.

 MultiNest Warning!
 Parameter            1  of mode            1  is converging towards the edge of the prior.

 MultiNest Warning!
 Parameter            1  of mode            1  is converging towards the edge of the prior.

 MultiNest Warning!
 Parameter            1  of mode            1  is converging towards the edge of the prior.

 MultiNest Warning!
 Parameter            1  of mode            1  is converging towards the edge of the prior.

 MultiNest Warning!
 Parameter            1  of mode            1  is converging towards the edge of the prior.

 MultiNest Warning!
 Parameter            1  of mode            1  is converging towards the edge of the prior.

 MultiNest Warning!
 Parameter            1  of mode            1  is converging towards the edge of the prior.

 MultiNest Warning!
 Parameter            1  of mode            1  is converging towards the edge of the prior.

 MultiNest Warning!
 Parameter            1  of mode            1  is converging towards the edge of the prior.

 MultiNest Warning!
 Parameter            1  of mode            1  is converging towards the edge of the prior.

 MultiNest Warning!
 Parameter            1  of mode            1  is converging towards the edge of the prior.

 MultiNest Warning!
 Parameter            1  of mode            1  is converging towards the edge of the prior.

 MultiNest Warning!
 Parameter            1  of mode            1  is converging towards the edge of the prior.

 MultiNest Warning!
 Parameter            1  of mode            1  is converging towards the edge of the prior.

 MultiNest Warning!
 Parameter            1  of mode            1  is converging towards the edge of the prior.

 MultiNest Warning!
 Parameter            1  of mode            1  is converging towards the edge of the prior.

 MultiNest Warning!
 Parameter            1  of mode            1  is converging towards the edge of the prior.

 MultiNest Warning!
 Parameter            1  of mode            1  is converging towards the edge of the prior.

 MultiNest Warning!
 Parameter            1  of mode            1  is converging towards the edge of the prior.

 MultiNest Warning!
 Parameter            1  of mode            1  is converging towards the edge of the prior.

 MultiNest Warning!
 Parameter            1  of mode            1  is converging towards the edge of the prior.

 MultiNest Warning!
 Parameter            1  of mode            1  is converging towards the edge of the prior.

 MultiNest Warning!
 Parameter            1  of mode            1  is converging towards the edge of the prior.

 MultiNest Warning!
 Parameter            1  of mode            1  is converging towards the edge of the prior.

 MultiNest Warning!
 Parameter            1  of mode            1  is converging towards the edge of the prior.

 MultiNest Warning!
 Parameter            1  of mode            1  is converging towards the edge of the prior.

 MultiNest Warning!
 Parameter            1  of mode            1  is converging towards the edge of the prior.

 MultiNest Warning!
 Parameter            1  of mode            1  is converging towards the edge of the prior.

 MultiNest Warning!
 Parameter            1  of mode            1  is converging towards the edge of the prior.

 MultiNest Warning!
 Parameter            1  of mode            1  is converging towards the edge of the prior.

 MultiNest Warning!
 Parameter            1  of mode            1  is converging towards the edge of the prior.

 MultiNest Warning!
 Parameter            1  of mode            1  is converging towards the edge of the prior.

 MultiNest Warning!
 Parameter            1  of mode            1  is converging towards the edge of the prior.

 MultiNest Warning!
 Parameter            1  of mode            1  is converging towards the edge of the prior.

 MultiNest Warning!
 Parameter            1  of mode            1  is converging towards the edge of the prior.

 MultiNest Warning!
 Parameter            1  of mode            1  is converging towards the edge of the prior.

 MultiNest Warning!
 Parameter            1  of mode            1  is converging towards the edge of the prior.
 Parameter            3  of mode            1  is converging towards the edge of the prior.

 MultiNest Warning!
 Parameter            1  of mode            1  is converging towards the edge of the prior.
 Parameter            3  of mode            1  is converging towards the edge of the prior.

 MultiNest Warning!
 Parameter            1  of mode            1  is converging towards the edge of the prior.
 Parameter            3  of mode            1  is converging towards the edge of the prior.

 MultiNest Warning!
 Parameter            1  of mode            1  is converging towards the edge of the prior.
 Parameter            3  of mode            1  is converging towards the edge of the prior.

 MultiNest Warning!
 Parameter            1  of mode            1  is converging towards the edge of the prior.
 Parameter            3  of mode            1  is converging towards the edge of the prior.

 MultiNest Warning!
 Parameter            1  of mode            1  is converging towards the edge of the prior.
 Parameter            3  of mode            1  is converging towards the edge of the prior.

 MultiNest Warning!
 Parameter            1  of mode            1  is converging towards the edge of the prior.
 Parameter            3  of mode            1  is converging towards the edge of the prior.

 MultiNest Warning!
 Parameter            1  of mode            1  is converging towards the edge of the prior.
 Parameter            3  of mode            1  is converging towards the edge of the prior.

 MultiNest Warning!
 Parameter            1  of mode            1  is converging towards the edge of the prior.
 Parameter            3  of mode            1  is converging towards the edge of the prior.

 MultiNest Warning!
 Parameter            1  of mode            1  is converging towards the edge of the prior.
 Parameter            3  of mode            1  is converging towards the edge of the prior.

 MultiNest Warning!
 Parameter            1  of mode            1  is converging towards the edge of the prior.
 Parameter            3  of mode            1  is converging towards the edge of the prior.

 MultiNest Warning!
 Parameter            1  of mode            1  is converging towards the edge of the prior.
 Parameter            3  of mode            1  is converging towards the edge of the prior.

 MultiNest Warning!
 Parameter            1  of mode            1  is converging towards the edge of the prior.
 Parameter            3  of mode            1  is converging towards the edge of the prior.

 MultiNest Warning!
 Parameter            1  of mode            1  is converging towards the edge of the prior.
 Parameter            3  of mode            1  is converging towards the edge of the prior.

 MultiNest Warning!
 Parameter            1  of mode            1  is converging towards the edge of the prior.
 Parameter            3  of mode            1  is converging towards the edge of the prior.

 MultiNest Warning!
 Parameter            1  of mode            1  is converging towards the edge of the prior.
 Parameter            3  of mode            1  is converging towards the edge of the prior.

 MultiNest Warning!
 Parameter            1  of mode            1  is converging towards the edge of the prior.
 Parameter            3  of mode            1  is converging towards the edge of the prior.

 MultiNest Warning!
 Parameter            1  of mode            1  is converging towards the edge of the prior.
 Parameter            3  of mode            1  is converging towards the edge of the prior.

 MultiNest Warning!
 Parameter            1  of mode            1  is converging towards the edge of the prior.
 Parameter            3  of mode            1  is converging towards the edge of the prior.

 MultiNest Warning!
 Parameter            1  of mode            1  is converging towards the edge of the prior.
 Parameter            3  of mode            1  is converging towards the edge of the prior.

 MultiNest Warning!
 Parameter            1  of mode            1  is converging towards the edge of the prior.
 Parameter            3  of mode            1  is converging towards the edge of the prior.

 MultiNest Warning!
 Parameter            1  of mode            1  is converging towards the edge of the prior.
 Parameter            3  of mode            1  is converging towards the edge of the prior.

 MultiNest Warning!
 Parameter            1  of mode            1  is converging towards the edge of the prior.
 Parameter            3  of mode            1  is converging towards the edge of the prior.

 MultiNest Warning!
 Parameter            1  of mode            1  is converging towards the edge of the prior.
 Parameter            3  of mode            1  is converging towards the edge of the prior.

 MultiNest Warning!
 Parameter            1  of mode            1  is converging towards the edge of the prior.
 Parameter            3  of mode            1  is converging towards the edge of the prior.

 MultiNest Warning!
 Parameter            1  of mode            1  is converging towards the edge of the prior.
 Parameter            3  of mode            1  is converging towards the edge of the prior.

 MultiNest Warning!
 Parameter            1  of mode            1  is converging towards the edge of the prior.
 Parameter            3  of mode            1  is converging towards the edge of the prior.

 MultiNest Warning!
 Parameter            1  of mode            1  is converging towards the edge of the prior.
 Parameter            3  of mode            1  is converging towards the edge of the prior.

 MultiNest Warning!
 Parameter            1  of mode            1  is converging towards the edge of the prior.
 Parameter            3  of mode            1  is converging towards the edge of the prior.

 MultiNest Warning!
 Parameter            1  of mode            1  is converging towards the edge of the prior.
 Parameter            3  of mode            1  is converging towards the edge of the prior.

 MultiNest Warning!
 Parameter            1  of mode            1  is converging towards the edge of the prior.
 Parameter            3  of mode            1  is converging towards the edge of the prior.

 MultiNest Warning!
 Parameter            1  of mode            1  is converging towards the edge of the prior.
 Parameter            3  of mode            1  is converging towards the edge of the prior.

 MultiNest Warning!
 Parameter            1  of mode            1  is converging towards the edge of the prior.
 Parameter            3  of mode            1  is converging towards the edge of the prior.

 MultiNest Warning!
 Parameter            1  of mode            1  is converging towards the edge of the prior.
 Parameter            3  of mode            1  is converging towards the edge of the prior.

 MultiNest Warning!
 Parameter            1  of mode            1  is converging towards the edge of the prior.
 Parameter            3  of mode            1  is converging towards the edge of the prior.

 MultiNest Warning!
 Parameter            1  of mode            1  is converging towards the edge of the prior.
 Parameter            3  of mode            1  is converging towards the edge of the prior.

 MultiNest Warning!
 Parameter            1  of mode            1  is converging towards the edge of the prior.
 Parameter            3  of mode            1  is converging towards the edge of the prior.

 MultiNest Warning!
 Parameter            1  of mode            1  is converging towards the edge of the prior.
 Parameter            3  of mode            1  is converging towards the edge of the prior.

 MultiNest Warning!
 Parameter            1  of mode            1  is converging towards the edge of the prior.
 Parameter            3  of mode            1  is converging towards the edge of the prior.

 MultiNest Warning!
 Parameter            1  of mode            1  is converging towards the edge of the prior.
 Parameter            3  of mode            1  is converging towards the edge of the prior.

 MultiNest Warning!
 Parameter            1  of mode            1  is converging towards the edge of the prior.
 Parameter            3  of mode            1  is converging towards the edge of the prior.

 MultiNest Warning!
 Parameter            1  of mode            1  is converging towards the edge of the prior.
 Parameter            3  of mode            1  is converging towards the edge of the prior.

 MultiNest Warning!
 Parameter            1  of mode            1  is converging towards the edge of the prior.
 Parameter            3  of mode            1  is converging towards the edge of the prior.

 MultiNest Warning!
 Parameter            1  of mode            1  is converging towards the edge of the prior.
 Parameter            3  of mode            1  is converging towards the edge of the prior.

 MultiNest Warning!
 Parameter            1  of mode            1  is converging towards the edge of the prior.
 Parameter            3  of mode            1  is converging towards the edge of the prior.

 MultiNest Warning!
 Parameter            1  of mode            1  is converging towards the edge of the prior.
 Parameter            3  of mode            1  is converging towards the edge of the prior.

 MultiNest Warning!
 Parameter            1  of mode            1  is converging towards the edge of the prior.
 Parameter            3  of mode            1  is converging towards the edge of the prior.

 MultiNest Warning!
 Parameter            1  of mode            1  is converging towards the edge of the prior.
 Parameter            3  of mode            1  is converging towards the edge of the prior.

 MultiNest Warning!
 Parameter            1  of mode            1  is converging towards the edge of the prior.
 Parameter            3  of mode            1  is converging towards the edge of the prior.

 MultiNest Warning!
 Parameter            1  of mode            1  is converging towards the edge of the prior.
 Parameter            3  of mode            1  is converging towards the edge of the prior.

 MultiNest Warning!
 Parameter            1  of mode            1  is converging towards the edge of the prior.
 Parameter            3  of mode            1  is converging towards the edge of the prior.

 MultiNest Warning!
 Parameter            1  of mode            1  is converging towards the edge of the prior.
 Parameter            3  of mode            1  is converging towards the edge of the prior.

 MultiNest Warning!
 Parameter            1  of mode            1  is converging towards the edge of the prior.
 Parameter            3  of mode            1  is converging towards the edge of the prior.

 MultiNest Warning!
 Parameter            1  of mode            1  is converging towards the edge of the prior.
 Parameter            3  of mode            1  is converging towards the edge of the prior.

 MultiNest Warning!
 Parameter            1  of mode            1  is converging towards the edge of the prior.
 Parameter            3  of mode            1  is converging towards the edge of the prior.

 MultiNest Warning!
 Parameter            1  of mode            1  is converging towards the edge of the prior.
 Parameter            3  of mode            1  is converging towards the edge of the prior.

 MultiNest Warning!
 Parameter            1  of mode            1  is converging towards the edge of the prior.
 Parameter            3  of mode            1  is converging towards the edge of the prior.

 MultiNest Warning!
 Parameter            1  of mode            1  is converging towards the edge of the prior.
 Parameter            3  of mode            1  is converging towards the edge of the prior.

 MultiNest Warning!
 Parameter            1  of mode            1  is converging towards the edge of the prior.
 Parameter            3  of mode            1  is converging towards the edge of the prior.

 MultiNest Warning!
 Parameter            1  of mode            1  is converging towards the edge of the prior.
 Parameter            3  of mode            1  is converging towards the edge of the prior.

 MultiNest Warning!
 Parameter            1  of mode            1  is converging towards the edge of the prior.
 Parameter            3  of mode            1  is converging towards the edge of the prior.

 MultiNest Warning!
 Parameter            1  of mode            1  is converging towards the edge of the prior.
 Parameter            3  of mode            1  is converging towards the edge of the prior.

 MultiNest Warning!
 Parameter            1  of mode            1  is converging towards the edge of the prior.
 Parameter            3  of mode            1  is converging towards the edge of the prior.

 MultiNest Warning!
 Parameter            1  of mode            1  is converging towards the edge of the prior.
 Parameter            3  of mode            1  is converging towards the edge of the prior.

 MultiNest Warning!
 Parameter            1  of mode            1  is converging towards the edge of the prior.
 Parameter            3  of mode            1  is converging towards the edge of the prior.

 MultiNest Warning!
 Parameter            1  of mode            1  is converging towards the edge of the prior.
 Parameter            3  of mode            1  is converging towards the edge of the prior.

 MultiNest Warning!
 Parameter            1  of mode            1  is converging towards the edge of the prior.
 Parameter            3  of mode            1  is converging towards the edge of the prior.

 MultiNest Warning!
 Parameter            1  of mode            1  is converging towards the edge of the prior.
 Parameter            3  of mode            1  is converging towards the edge of the prior.

 MultiNest Warning!
 Parameter            1  of mode            1  is converging towards the edge of the prior.
 Parameter            3  of mode            1  is converging towards the edge of the prior.

 MultiNest Warning!
 Parameter            1  of mode            1  is converging towards the edge of the prior.
 Parameter            3  of mode            1  is converging towards the edge of the prior.

 MultiNest Warning!
 Parameter            1  of mode            1  is converging towards the edge of the prior.
 Parameter            3  of mode            1  is converging towards the edge of the prior.

 MultiNest Warning!
 Parameter            1  of mode            1  is converging towards the edge of the prior.
 Parameter            3  of mode            1  is converging towards the edge of the prior.

 MultiNest Warning!
 Parameter            1  of mode            1  is converging towards the edge of the prior.
 Parameter            3  of mode            1  is converging towards the edge of the prior.

 MultiNest Warning!
 Parameter            1  of mode            1  is converging towards the edge of the prior.
 Parameter            3  of mode            1  is converging towards the edge of the prior.

 MultiNest Warning!
 Parameter            1  of mode            1  is converging towards the edge of the prior.
 Parameter            3  of mode            1  is converging towards the edge of the prior.

 MultiNest Warning!
 Parameter            1  of mode            1  is converging towards the edge of the prior.
 Parameter            3  of mode            1  is converging towards the edge of the prior.

 MultiNest Warning!
 Parameter            1  of mode            1  is converging towards the edge of the prior.
 Parameter            3  of mode            1  is converging towards the edge of the prior.

 MultiNest Warning!
 Parameter            1  of mode            1  is converging towards the edge of the prior.
 Parameter            3  of mode            1  is converging towards the edge of the prior.

 MultiNest Warning!
 Parameter            1  of mode            1  is converging towards the edge of the prior.
 Parameter            3  of mode            1  is converging towards the edge of the prior.

 MultiNest Warning!
 Parameter            1  of mode            1  is converging towards the edge of the prior.
 Parameter            3  of mode            1  is converging towards the edge of the prior.

 MultiNest Warning!
 Parameter            1  of mode            1  is converging towards the edge of the prior.
 Parameter            3  of mode            1  is converging towards the edge of the prior.

 MultiNest Warning!
 Parameter            1  of mode            1  is converging towards the edge of the prior.
 Parameter            3  of mode            1  is converging towards the edge of the prior.

 MultiNest Warning!
 Parameter            1  of mode            1  is converging towards the edge of the prior.
 Parameter            3  of mode            1  is converging towards the edge of the prior.

 MultiNest Warning!
 Parameter            1  of mode            1  is converging towards the edge of the prior.
 Parameter            3  of mode            1  is converging towards the edge of the prior.

 MultiNest Warning!
 Parameter            1  of mode            1  is converging towards the edge of the prior.
 Parameter            3  of mode            1  is converging towards the edge of the prior.

 MultiNest Warning!
 Parameter            1  of mode            1  is converging towards the edge of the prior.
 Parameter            3  of mode            1  is converging towards the edge of the prior.

 MultiNest Warning!
 Parameter            1  of mode            1  is converging towards the edge of the prior.
 Parameter            3  of mode            1  is converging towards the edge of the prior.

 MultiNest Warning!
 Parameter            1  of mode            1  is converging towards the edge of the prior.
 Parameter            3  of mode            1  is converging towards the edge of the prior.

 MultiNest Warning!
 Parameter            1  of mode            1  is converging towards the edge of the prior.
 Parameter            3  of mode            1  is converging towards the edge of the prior.

 MultiNest Warning!
 Parameter            1  of mode            1  is converging towards the edge of the prior.
 Parameter            3  of mode            1  is converging towards the edge of the prior.

 MultiNest Warning!
 Parameter            1  of mode            1  is converging towards the edge of the prior.
 Parameter            3  of mode            1  is converging towards the edge of the prior.

 MultiNest Warning!
 Parameter            1  of mode            1  is converging towards the edge of the prior.
 Parameter            3  of mode            1  is converging towards the edge of the prior.

 MultiNest Warning!
 Parameter            1  of mode            1  is converging towards the edge of the prior.
 Parameter            3  of mode            1  is converging towards the edge of the prior.

 MultiNest Warning!
 Parameter            1  of mode            1  is converging towards the edge of the prior.
 Parameter            3  of mode            1  is converging towards the edge of the prior.

 MultiNest Warning!
 Parameter            1  of mode            1  is converging towards the edge of the prior.
 Parameter            3  of mode            1  is converging towards the edge of the prior.

 MultiNest Warning!
 Parameter            1  of mode            1  is converging towards the edge of the prior.
 Parameter            3  of mode            1  is converging towards the edge of the prior.

 MultiNest Warning!
 Parameter            1  of mode            1  is converging towards the edge of the prior.
 Parameter            3  of mode            1  is converging towards the edge of the prior.

 MultiNest Warning!
 Parameter            1  of mode            1  is converging towards the edge of the prior.
 Parameter            3  of mode            1  is converging towards the edge of the prior.

 MultiNest Warning!
 Parameter            1  of mode            1  is converging towards the edge of the prior.
 Parameter            3  of mode            1  is converging towards the edge of the prior.

 MultiNest Warning!
 Parameter            1  of mode            1  is converging towards the edge of the prior.
 Parameter            3  of mode            1  is converging towards the edge of the prior.

 MultiNest Warning!
 Parameter            1  of mode            1  is converging towards the edge of the prior.
 Parameter            3  of mode            1  is converging towards the edge of the prior.

 MultiNest Warning!
 Parameter            1  of mode            1  is converging towards the edge of the prior.
 Parameter            3  of mode            1  is converging towards the edge of the prior.

 MultiNest Warning!
 Parameter            1  of mode            1  is converging towards the edge of the prior.
 Parameter            3  of mode            1  is converging towards the edge of the prior.

 MultiNest Warning!
 Parameter            1  of mode            1  is converging towards the edge of the prior.
 Parameter            3  of mode            1  is converging towards the edge of the prior.

 MultiNest Warning!
 Parameter            1  of mode            1  is converging towards the edge of the prior.
 Parameter            3  of mode            1  is converging towards the edge of the prior.

 MultiNest Warning!
 Parameter            1  of mode            1  is converging towards the edge of the prior.
 Parameter            3  of mode            1  is converging towards the edge of the prior.

 MultiNest Warning!
 Parameter            1  of mode            1  is converging towards the edge of the prior.
 Parameter            3  of mode            1  is converging towards the edge of the prior.

 MultiNest Warning!
 Parameter            1  of mode            1  is converging towards the edge of the prior.
 Parameter            3  of mode            1  is converging towards the edge of the prior.

 MultiNest Warning!
 Parameter            1  of mode            1  is converging towards the edge of the prior.
 Parameter            3  of mode            1  is converging towards the edge of the prior.

 MultiNest Warning!
 Parameter            1  of mode            1  is converging towards the edge of the prior.
 Parameter            3  of mode            1  is converging towards the edge of the prior.

 MultiNest Warning!
 Parameter            1  of mode            1  is converging towards the edge of the prior.
 Parameter            3  of mode            1  is converging towards the edge of the prior.

 MultiNest Warning!
 Parameter            1  of mode            1  is converging towards the edge of the prior.
 Parameter            3  of mode            1  is converging towards the edge of the prior.

 MultiNest Warning!
 Parameter            1  of mode            1  is converging towards the edge of the prior.
 Parameter            3  of mode            1  is converging towards the edge of the prior.

 MultiNest Warning!
 Parameter            1  of mode            1  is converging towards the edge of the prior.
 Parameter            3  of mode            1  is converging towards the edge of the prior.

 MultiNest Warning!
 Parameter            1  of mode            1  is converging towards the edge of the prior.
 Parameter            3  of mode            1  is converging towards the edge of the prior.

 MultiNest Warning!
 Parameter            1  of mode            1  is converging towards the edge of the prior.
 Parameter            3  of mode            1  is converging towards the edge of the prior.

 MultiNest Warning!
 Parameter            1  of mode            1  is converging towards the edge of the prior.
 Parameter            3  of mode            1  is converging towards the edge of the prior.

 MultiNest Warning!
 Parameter            1  of mode            1  is converging towards the edge of the prior.
 Parameter            3  of mode            1  is converging towards the edge of the prior.

 MultiNest Warning!
 Parameter            1  of mode            1  is converging towards the edge of the prior.
 Parameter            3  of mode            1  is converging towards the edge of the prior.

 MultiNest Warning!
 Parameter            1  of mode            1  is converging towards the edge of the prior.
 Parameter            3  of mode            1  is converging towards the edge of the prior.

 MultiNest Warning!
 Parameter            1  of mode            1  is converging towards the edge of the prior.
 Parameter            3  of mode            1  is converging towards the edge of the prior.

 MultiNest Warning!
 Parameter            1  of mode            1  is converging towards the edge of the prior.
 Parameter            3  of mode            1  is converging towards the edge of the prior.

 MultiNest Warning!
 Parameter            1  of mode            1  is converging towards the edge of the prior.
 Parameter            3  of mode            1  is converging towards the edge of the prior.

 MultiNest Warning!
 Parameter            1  of mode            1  is converging towards the edge of the prior.
 Parameter            3  of mode            1  is converging towards the edge of the prior.

 MultiNest Warning!
 Parameter            1  of mode            1  is converging towards the edge of the prior.
 Parameter            3  of mode            1  is converging towards the edge of the prior.

 MultiNest Warning!
 Parameter            1  of mode            1  is converging towards the edge of the prior.
 Parameter            3  of mode            1  is converging towards the edge of the prior.

 MultiNest Warning!
 Parameter            1  of mode            1  is converging towards the edge of the prior.
 Parameter            3  of mode            1  is converging towards the edge of the prior.

 MultiNest Warning!
 Parameter            1  of mode            1  is converging towards the edge of the prior.
 Parameter            3  of mode            1  is converging towards the edge of the prior.

 MultiNest Warning!
 Parameter            1  of mode            1  is converging towards the edge of the prior.
 Parameter            3  of mode            1  is converging towards the edge of the prior.

 MultiNest Warning!
 Parameter            1  of mode            1  is converging towards the edge of the prior.
 Parameter            3  of mode            1  is converging towards the edge of the prior.

 MultiNest Warning!
 Parameter            1  of mode            1  is converging towards the edge of the prior.
 Parameter            3  of mode            1  is converging towards the edge of the prior.

 MultiNest Warning!
 Parameter            1  of mode            1  is converging towards the edge of the prior.
 Parameter            3  of mode            1  is converging towards the edge of the prior.

 MultiNest Warning!
 Parameter            1  of mode            1  is converging towards the edge of the prior.
 Parameter            3  of mode            1  is converging towards the edge of the prior.

 MultiNest Warning!
 Parameter            1  of mode            1  is converging towards the edge of the prior.
 Parameter            3  of mode            1  is converging towards the edge of the prior.

 MultiNest Warning!
 Parameter            1  of mode            1  is converging towards the edge of the prior.
 Parameter            3  of mode            1  is converging towards the edge of the prior.

 MultiNest Warning!
 Parameter            1  of mode            1  is converging towards the edge of the prior.
 Parameter            3  of mode            1  is converging towards the edge of the prior.

 MultiNest Warning!
 Parameter            1  of mode            1  is converging towards the edge of the prior.
 Parameter            3  of mode            1  is converging towards the edge of the prior.

 MultiNest Warning!
 Parameter            1  of mode            1  is converging towards the edge of the prior.
 Parameter            3  of mode            1  is converging towards the edge of the prior.

 MultiNest Warning!
 Parameter            1  of mode            1  is converging towards the edge of the prior.
 Parameter            3  of mode            1  is converging towards the edge of the prior.

 MultiNest Warning!
 Parameter            1  of mode            1  is converging towards the edge of the prior.
 Parameter            3  of mode            1  is converging towards the edge of the prior.

 MultiNest Warning!
 Parameter            1  of mode            1  is converging towards the edge of the prior.
 Parameter            3  of mode            1  is converging towards the edge of the prior.

 MultiNest Warning!
 Parameter            1  of mode            1  is converging towards the edge of the prior.
 Parameter            3  of mode            1  is converging towards the edge of the prior.

 MultiNest Warning!
 Parameter            1  of mode            1  is converging towards the edge of the prior.
 Parameter            3  of mode            1  is converging towards the edge of the prior.

 MultiNest Warning!
 Parameter            1  of mode            1  is converging towards the edge of the prior.
 Parameter            3  of mode            1  is converging towards the edge of the prior.

 MultiNest Warning!
 Parameter            1  of mode            1  is converging towards the edge of the prior.
 Parameter            3  of mode            1  is converging towards the edge of the prior.

 MultiNest Warning!
 Parameter            1  of mode            1  is converging towards the edge of the prior.
 Parameter            3  of mode            1  is converging towards the edge of the prior.

 MultiNest Warning!
 Parameter            1  of mode            1  is converging towards the edge of the prior.
 Parameter            3  of mode            1  is converging towards the edge of the prior.

 MultiNest Warning!
 Parameter            1  of mode            1  is converging towards the edge of the prior.
 Parameter            3  of mode            1  is converging towards the edge of the prior.

 MultiNest Warning!
 Parameter            1  of mode            1  is converging towards the edge of the prior.
 Parameter            3  of mode            1  is converging towards the edge of the prior.

 MultiNest Warning!
 Parameter            1  of mode            1  is converging towards the edge of the prior.
 Parameter            3  of mode            1  is converging towards the edge of the prior.

 MultiNest Warning!
 Parameter            1  of mode            1  is converging towards the edge of the prior.
 Parameter            3  of mode            1  is converging towards the edge of the prior.

 MultiNest Warning!
 Parameter            1  of mode            1  is converging towards the edge of the prior.
 Parameter            3  of mode            1  is converging towards the edge of the prior.

 MultiNest Warning!
 Parameter            1  of mode            1  is converging towards the edge of the prior.
 Parameter            3  of mode            1  is converging towards the edge of the prior.

 MultiNest Warning!
 Parameter            1  of mode            1  is converging towards the edge of the prior.
 Parameter            3  of mode            1  is converging towards the edge of the prior.

 MultiNest Warning!
 Parameter            1  of mode            1  is converging towards the edge of the prior.
 Parameter            3  of mode            1  is converging towards the edge of the prior.

 MultiNest Warning!
 Parameter            1  of mode            1  is converging towards the edge of the prior.
 Parameter            3  of mode            1  is converging towards the edge of the prior.

 MultiNest Warning!
 Parameter            1  of mode            1  is converging towards the edge of the prior.
 Parameter            3  of mode            1  is converging towards the edge of the prior.

 MultiNest Warning!
 Parameter            1  of mode            1  is converging towards the edge of the prior.
 Parameter            3  of mode            1  is converging towards the edge of the prior.

 MultiNest Warning!
 Parameter            1  of mode            1  is converging towards the edge of the prior.
 Parameter            3  of mode            1  is converging towards the edge of the prior.

 MultiNest Warning!
 Parameter            1  of mode            1  is converging towards the edge of the prior.
 Parameter            3  of mode            1  is converging towards the edge of the prior.

 MultiNest Warning!
 Parameter            1  of mode            1  is converging towards the edge of the prior.
 Parameter            3  of mode            1  is converging towards the edge of the prior.

 MultiNest Warning!
 Parameter            1  of mode            1  is converging towards the edge of the prior.
 Parameter            3  of mode            1  is converging towards the edge of the prior.

 MultiNest Warning!
 Parameter            1  of mode            1  is converging towards the edge of the prior.
 Parameter            3  of mode            1  is converging towards the edge of the prior.

 MultiNest Warning!
 Parameter            1  of mode            1  is converging towards the edge of the prior.
 Parameter            3  of mode            1  is converging towards the edge of the prior.

 MultiNest Warning!
 Parameter            1  of mode            1  is converging towards the edge of the prior.
 Parameter            3  of mode            1  is converging towards the edge of the prior.

 MultiNest Warning!
 Parameter            1  of mode            1  is converging towards the edge of the prior.
 Parameter            3  of mode            1  is converging towards the edge of the prior.

 MultiNest Warning!
 Parameter            1  of mode            1  is converging towards the edge of the prior.
 Parameter            3  of mode            1  is converging towards the edge of the prior.

 MultiNest Warning!
 Parameter            1  of mode            1  is converging towards the edge of the prior.
 Parameter            3  of mode            1  is converging towards the edge of the prior.

 MultiNest Warning!
 Parameter            1  of mode            1  is converging towards the edge of the prior.
 Parameter            3  of mode            1  is converging towards the edge of the prior.

 MultiNest Warning!
 Parameter            1  of mode            1  is converging towards the edge of the prior.
 Parameter            3  of mode            1  is converging towards the edge of the prior.
 ln(ev)=  -143.86559309761319      +/-  0.12775411958706429     
 Total Likelihood Evaluations:      2406914
 Sampling finished. Exiting MultiNest

Completed in 3558.2 seconds.

Parameter                          Posterior percentiles
                                16th       50th       84th
----------------------------------------------------------
calib:0                        0.734      0.755      0.778
calib:1                       -0.008      0.014      0.033
calib:2                       -0.238     -0.214     -0.191
continuity:dsfr1              -0.238      0.027      0.312
continuity:dsfr2              -0.240      0.014      0.267
continuity:dsfr3              -0.214      0.016      0.246
continuity:dsfr4              -0.115      0.089      0.300
continuity:dsfr5              -0.124      0.091      0.301
continuity:dsfr6              -0.043      0.148      0.357
continuity:dsfr7               1.572      1.849      2.250
continuity:massformed          7.992      8.439      8.639
continuity:metallicity         0.002      0.006      0.013
nebular:logU                  -2.016     -1.958     -1.902
noise:scaling                  1.607      1.642      1.679
veldisp                      137.793    138.959    140.154


[54.79462945 56.8038773  59.55325145]
