\BOOKMARK [1][-]{section.1}{\376\377\000I\000n\000t\000r\000o\000d\000u\000c\000t\000i\000o\000n}{}% 1
\BOOKMARK [1][-]{section.2}{\376\377\000D\000a\000t\000a}{}% 2
\BOOKMARK [2][-]{subsection.2.1}{\376\377\000G\000M\000O\000S\000\040\000S\000p\000e\000c\000t\000r\000o\000s\000c\000o\000p\000y}{section.2}% 3
\BOOKMARK [2][-]{subsection.2.2}{\376\377\000C\000O\000S\000M\000O\000S\0002\0000\0002\0000\000\040\000C\000l\000a\000s\000s\000i\000c}{section.2}% 4
\BOOKMARK [2][-]{subsection.2.3}{\376\377\000A\000n\000c\000i\000l\000l\000a\000r\000y\000\040\000F\0001\0004\0000\000W\000\040\000i\000m\000a\000g\000i\000n\000g}{section.2}% 5
\BOOKMARK [1][-]{section.3}{\376\377\000M\000e\000t\000h\000o\000d\000o\000l\000o\000g\000y}{}% 6
\BOOKMARK [2][-]{subsection.3.1}{\376\377\000D\000a\000t\000a\000\040\000R\000e\000d\000u\000c\000t\000i\000o\000n}{section.3}% 7
\BOOKMARK [3][-]{subsubsection.3.1.1}{\376\377\000F\000l\000u\000x\000\040\000C\000a\000l\000i\000b\000r\000a\000t\000i\000o\000n\000\040\000\046\000\040\000S\000l\000i\000t\000l\000o\000s\000s\000\040\000C\000o\000r\000r\000e\000c\000t\000i\000o\000n\000s}{subsection.3.1}% 8
\BOOKMARK [2][-]{subsection.3.2}{\376\377\000S\000p\000e\000c\000t\000r\000o\000s\000c\000o\000p\000i\000c\000\040\000R\000e\000d\000s\000h\000i\000f\000t\000\040\000\046\000\040\000E\000m\000i\000s\000s\000i\000o\000n\000\040\000L\000i\000n\000e\000\040\000P\000r\000o\000f\000i\000l\000e\000\040\000F\000i\000t\000t\000i\000n\000g}{section.3}% 9
\BOOKMARK [2][-]{subsection.3.3}{\376\377\000M\000e\000a\000s\000u\000r\000i\000n\000g\000\040\000I\000S\000M\000\040\000P\000r\000o\000p\000e\000r\000t\000i\000e\000s}{section.3}% 10
\BOOKMARK [3][-]{subsubsection.3.3.1}{\376\377\000D\000u\000s\000t\000\040\000E\000x\000t\000i\000n\000c\000t\000i\000o\000n}{subsection.3.3}% 11
\BOOKMARK [3][-]{subsubsection.3.3.2}{\376\377\000E\000l\000e\000c\000t\000r\000o\000n\000\040\000T\000e\000m\000p\000e\000r\000a\000t\000u\000r\000e\000\040\000\046\000\040\000D\000e\000n\000s\000i\000t\000y}{subsection.3.3}% 12
\BOOKMARK [3][-]{subsubsection.3.3.3}{\376\377\000G\000a\000s\000-\000P\000h\000a\000s\000e\000\040\000A\000b\000u\000n\000d\000a\000n\000c\000e}{subsection.3.3}% 13
\BOOKMARK [3][-]{subsubsection.3.3.4}{\376\377\000I\000o\000n\000i\000z\000a\000t\000i\000o\000n\000\040\000P\000a\000r\000a\000m\000e\000t\000e\000r}{subsection.3.3}% 14
\BOOKMARK [2][-]{subsection.3.4}{\376\377\000S\000p\000e\000c\000t\000r\000a\000l\000\040\000E\000n\000e\000r\000g\000y\000\040\000D\000i\000s\000t\000r\000i\000b\000u\000t\000i\000o\000n\000\040\000F\000i\000t\000t\000i\000n\000g}{section.3}% 15
\BOOKMARK [3][-]{subsubsection.3.4.1}{\376\377\000C\000i\000g\000a\000l\000e}{subsection.3.4}% 16
\BOOKMARK [3][-]{subsubsection.3.4.2}{\376\377\000B\000a\000g\000p\000i\000p\000e\000s}{subsection.3.4}% 17
\BOOKMARK [2][-]{subsection.3.5}{\376\377\000M\000e\000a\000s\000u\000r\000i\000n\000g\000\040\000E\000q\000u\000i\000v\000a\000l\000e\000n\000t\000\040\000W\000i\000d\000t\000h}{section.3}% 18
\BOOKMARK [2][-]{subsection.3.6}{\376\377\000I\000o\000n\000i\000z\000i\000n\000g\000\040\000P\000h\000o\000t\000o\000n\000\040\000P\000r\000o\000d\000u\000c\000t\000i\000o\000n\000\040\000E\000f\000f\000i\000c\000i\000e\000n\000c\000y}{section.3}% 19
\BOOKMARK [1][-]{section.4}{\376\377\000R\000e\000s\000u\000l\000t\000s}{}% 20
\BOOKMARK [2][-]{subsection.4.1}{\376\377\000R\000e\000c\000o\000r\000d\000\040\000B\000r\000e\000a\000k\000i\000n\000g\000\040\000L\000o\000w\000\040\000M\000a\000s\000s\000,\000\040\000C\000o\000m\000p\000a\000c\000t\000,\000\040\000H\000i\000g\000h\000\040\000E\000W\000\040\000E\000m\000i\000t\000t\000e\000r\000\040\000a\000t\000\040\000z\000\040\0000\000.\0008}{section.4}% 21
\BOOKMARK [2][-]{subsection.4.2}{\376\377\000N\000o\000\040\000E\000v\000i\000d\000e\000n\000c\000e\000\040\000o\000f\000\040\000A\000G\000N\000\040\000c\000o\000m\000p\000o\000n\000e\000n\000t}{section.4}% 22
\BOOKMARK [2][-]{subsection.4.3}{\376\377\000E\000x\000t\000r\000e\000m\000e\000l\000y\000\040\000M\000e\000t\000a\000l\000\040\000P\000o\000o\000r\000\040\000S\000y\000s\000t\000e\000m\000\040\000C\000o\000n\000s\000i\000s\000t\000e\000n\000t\000\040\000w\000i\000t\000h\000\040\000z\000\040\0005\000\040\000G\000a\000l\000a\000x\000i\000e\000s}{section.4}% 23
\BOOKMARK [2][-]{subsection.4.4}{\376\377\000E\000n\000e\000r\000g\000e\000t\000i\000c\000\040\000I\000S\000M\000\040\000C\000o\000n\000d\000i\000t\000i\000o\000n\000s\000:\000\040\000H\000a\000r\000d\000e\000r\000\040\000I\000o\000n\000i\000z\000i\000n\000g\000\040\000R\000a\000d\000i\000a\000t\000i\000o\000n\000\040\000F\000i\000e\000l\000d}{section.4}% 24
\BOOKMARK [2][-]{subsection.4.5}{\376\377\000R\000a\000p\000i\000d\000\040\000B\000u\000r\000s\000t\000\040\000o\000f\000\040\000S\000t\000a\000r\000\040\000F\000o\000r\000m\000a\000t\000i\000o\000n}{section.4}% 25
\BOOKMARK [2][-]{subsection.4.6}{\376\377\000D\000e\000v\000o\000i\000d\000\040\000o\000f\000\040\000D\000u\000s\000t\000\040\000o\000r\000\040\000D\000e\000s\000t\000r\000u\000c\000t\000i\000o\000n\000\040\000o\000f\000\040\000D\000u\000s\000t\000\040\000G\000r\000a\000i\000n\000s\000?}{section.4}% 26
\BOOKMARK [2][-]{subsection.4.7}{\376\377\000H\000i\000g\000h\000\040\000N\000e\000o\000n\000\040\000A\000b\000u\000n\000d\000a\000n\000c\000e}{section.4}% 27
\BOOKMARK [1][-]{section.5}{\376\377\000D\000i\000s\000c\000u\000s\000s\000i\000o\000n}{}% 28
\BOOKMARK [2][-]{subsection.5.1}{\376\377\000W\000h\000a\000t\000\040\000i\000s\000\040\000d\000r\000i\000v\000i\000n\000g\000\040\000t\000h\000e\000\040\000i\000n\000t\000e\000n\000s\000e\000\040\000s\000t\000a\000r\000\040\000f\000o\000r\000m\000a\000t\000i\000o\000n\000\040\000a\000c\000t\000i\000v\000i\000t\000y\000?}{section.5}% 29
\BOOKMARK [2][-]{subsection.5.2}{\376\377\000W\000h\000a\000t\000\040\000a\000r\000e\000\040\000t\000h\000e\000\040\000p\000o\000t\000e\000n\000t\000i\000a\000l\000\040\000d\000e\000s\000c\000e\000n\000d\000a\000n\000t\000s\000\040\000o\000f\000\040\000E\000E\000L\000G\0001\0000\0000\0002\000?}{section.5}% 30
\BOOKMARK [2][-]{subsection.5.3}{\376\377\000C\000a\000u\000s\000e\000\040\000o\000f\000\040\000H\000i\000g\000h\000\040\000E\000l\000e\000c\000t\000r\000o\000n\000\040\000T\000e\000m\000p\000e\000r\000a\000t\000u\000r\000e\000s\000\040\000a\000n\000d\000\040\000I\000o\000n\000i\000z\000a\000t\000i\000o\000n\000\040\000P\000a\000r\000a\000m\000e\000t\000e\000r}{section.5}% 31
\BOOKMARK [2][-]{subsection.5.4}{\376\377\000I\000d\000e\000a\000l\000\040\000C\000a\000s\000e\000\040\000o\000f\000\040\000w\000h\000a\000t\000\040\000F\000i\000r\000s\000t\000\040\000G\000e\000n\000e\000r\000a\000t\000i\000o\000n\000\040\000o\000f\000\040\000G\000a\000l\000a\000x\000i\000e\000s\000\040\000m\000a\000y\000\040\000l\000o\000o\000k\000\040\000l\000i\000k\000e\000?}{section.5}% 32
\BOOKMARK [1][-]{section.6}{\376\377\000C\000o\000n\000c\000l\000u\000s\000i\000o\000n\000s}{}% 33
\BOOKMARK [1][-]{appendix.A}{\376\377\000S\000o\000m\000e\000\040\000e\000x\000t\000r\000a\000\040\000m\000a\000t\000e\000r\000i\000a\000l}{}% 34
